<?xml version="1.0" encoding="UTF-8"?>
<testsuite xmlns:xsi="http://www.w3.org/2001/XMLSchema-instance" xsi:noNamespaceSchemaLocation="https://maven.apache.org/surefire/maven-surefire-plugin/xsd/surefire-test-report-3.0.xsd" version="3.0" name="pe.edu.pucp.techshopper.db.DBManagerTest" time="1.485" tests="2" errors="0" skipped="0" failures="0">
  <properties>
[...]
</properties>
  <testcase name="testGetConnection" classname="pe.edu.pucp.techshopper.db.DBManagerTest" time="1.451">
    <system-out><![CDATA[getConnection
]]></system-out>
  </testcase>
  <testcase name="testGetInstance" classname="pe.edu.pucp.techshopper.db.DBManagerTest" time="0.002">
    <system-out><![CDATA[getInstance
]]></system-out>
  </testcase>
</testsuite>