<?xml version="1.0" encoding="UTF-8"?>
<testsuite xmlns:xsi="http://www.w3.org/2001/XMLSchema-instance" xsi:noNamespaceSchemaLocation="https://maven.apache.org/surefire/maven-surefire-plugin/xsd/surefire-test-report-3.0.xsd" version="3.0" name="pe.edu.pucp.techshopper.bo.ProductoBOTest" time="2.1" tests="2" errors="0" skipped="0" failures="0">
  <properties>
[...]
</properties>
  <testcase name="testregistrarProducto" classname="pe.edu.pucp.techshopper.bo.ProductoBOTest" time="2.073">
    <system-out><![CDATA[registrarProducto
]]></system-out>
    <system-err><![CDATA[jun. 09, 2025 4:55:40 P. M. pe.edu.pucp.techshopper.daoImp.DAOImplBase ejecutarModificacionEnBD
INFO: com.mysql.cj.jdbc.CallableStatement: INSERT INTO TCS_PRODUCTOS(PRECIO, STOCK, NOMBRE, MARCA, CATEGORIA, DESCRIPCION, ID_ADMINISTRADOR) VALUES (10.5, 3, 'Iphone 2', 'Laptop', 'LAPTOP', 'Algooo', 2)
]]></system-err>
  </testcase>
  <testcase name="testListarPor3criterios" classname="pe.edu.pucp.techshopper.bo.ProductoBOTest" time="0.002"/>
</testsuite>