<?xml version="1.0" encoding="UTF-8"?>
<testsuite xmlns:xsi="http://www.w3.org/2001/XMLSchema-instance" xsi:noNamespaceSchemaLocation="https://maven.apache.org/surefire/maven-surefire-plugin/xsd/surefire-test-report-3.0.xsd" version="3.0" name="pe.edu.pucp.techshopper.bo.ClienteBOTest" time="6.103" tests="2" errors="0" skipped="0" failures="0">
  <properties>
[...]
</properties>
  <testcase name="testRegistraCliente" classname="pe.edu.pucp.techshopper.bo.ClienteBOTest" time="0.03"/>
  <testcase name="testInsertarCarrito" classname="pe.edu.pucp.techshopper.bo.ClienteBOTest" time="6.036">
    <system-out><![CDATA[test de insertar carrito
]]></system-out>
    <system-err><![CDATA[jun. 25, 2025 5:40:52 A. M. pe.edu.pucp.techshopper.daoImp.DAOImplBase ejecutarModificacionEnBD
INFO: com.mysql.cj.jdbc.CallableStatement: INSERT INTO TCS_CARRITOS(PRECIO, ID_USUARIO) VALUES (17999.949999999997, 67)
jun. 25, 2025 5:40:53 A. M. pe.edu.pucp.techshopper.daoImp.DAOImplBase ejecutarModificacionEnBD
INFO: com.mysql.cj.jdbc.CallableStatement: INSERT INTO TCS_ITEMS_CARRITO(ID_CARRITO, ID_PRODUCTO, CANTIDAD, PRECIO_UNITARIO, FECHA_REGISTRO) VALUES (11, 1, 5, 3599.99, '2025-06-25 05:40:50.971003')
]]></system-err>
  </testcase>
</testsuite>